<?xml version="1.0" encoding="UTF-8" ?>
<testsuite tests="28" failures="0" name="com.andersen.backendjaxrsproject.EmployeeTest" time="0.016" errors="0" skipped="0">
  <properties>
    <property name="java.runtime.name" value="Java(TM) SE Runtime Environment"/>
    <property name="sun.boot.library.path" value="/Library/Java/JavaVirtualMachines/jdk1.8.0_91.jdk/Contents/Home/jre/lib"/>
    <property name="java.vm.version" value="25.91-b14"/>
    <property name="gopherProxySet" value="false"/>
    <property name="java.vm.vendor" value="Oracle Corporation"/>
    <property name="java.vendor.url" value="http://java.oracle.com/"/>
    <property name="path.separator" value=":"/>
    <property name="guice.disable.misplaced.annotation.check" value="true"/>
    <property name="java.vm.name" value="Java HotSpot(TM) 64-Bit Server VM"/>
    <property name="file.encoding.pkg" value="sun.io"/>
    <property name="user.country" value="US"/>
    <property name="sun.java.launcher" value="SUN_STANDARD"/>
    <property name="sun.os.patch.level" value="unknown"/>
    <property name="java.vm.specification.name" value="Java Virtual Machine Specification"/>
    <property name="user.dir" value="/Users/Esther/NetBeansProjects/backendJaxRSProject"/>
    <property name="java.runtime.version" value="1.8.0_91-b14"/>
    <property name="java.awt.graphicsenv" value="sun.awt.CGraphicsEnvironment"/>
    <property name="java.endorsed.dirs" value="/Library/Java/JavaVirtualMachines/jdk1.8.0_91.jdk/Contents/Home/jre/lib/endorsed"/>
    <property name="os.arch" value="x86_64"/>
    <property name="java.io.tmpdir" value="/var/folders/sk/qn0v1rks6qb6fwzcgpyh0_kh0000gp/T/"/>
    <property name="line.separator" value="
"/>
    <property name="java.vm.specification.vendor" value="Oracle Corporation"/>
    <property name="os.name" value="Mac OS X"/>
    <property name="maven.ext.class.path" value="/Applications/NetBeans/NetBeans 8.2.app/Contents/Resources/NetBeans/java/maven-nblib/netbeans-eventspy.jar"/>
    <property name="classworlds.conf" value="/Applications/NetBeans/NetBeans 8.2.app/Contents/Resources/NetBeans/java/maven/bin/m2.conf"/>
    <property name="sun.jnu.encoding" value="UTF-8"/>
    <property name="java.library.path" value="/Users/Esther/Library/Java/Extensions:/Library/Java/Extensions:/Network/Library/Java/Extensions:/System/Library/Java/Extensions:/usr/lib/java:."/>
    <property name="java.specification.name" value="Java Platform API Specification"/>
    <property name="java.class.version" value="52.0"/>
    <property name="sun.management.compiler" value="HotSpot 64-Bit Tiered Compilers"/>
    <property name="os.version" value="10.12.2"/>
    <property name="http.nonProxyHosts" value="local|*.local|169.254/16|*.169.254/16"/>
    <property name="user.home" value="/Users/Esther"/>
    <property name="user.timezone" value="America/New_York"/>
    <property name="java.awt.printerjob" value="sun.lwawt.macosx.CPrinterJob"/>
    <property name="java.specification.version" value="1.8"/>
    <property name="file.encoding" value="UTF-8"/>
    <property name="user.name" value="Esther"/>
    <property name="java.class.path" value="/Applications/NetBeans/NetBeans 8.2.app/Contents/Resources/NetBeans/java/maven/boot/plexus-classworlds-2.4.jar"/>
    <property name="java.vm.specification.version" value="1.8"/>
    <property name="sun.arch.data.model" value="64"/>
    <property name="java.home" value="/Library/Java/JavaVirtualMachines/jdk1.8.0_91.jdk/Contents/Home/jre"/>
    <property name="sun.java.command" value="org.codehaus.plexus.classworlds.launcher.Launcher -Dmaven.ext.class.path=/Applications/NetBeans/NetBeans 8.2.app/Contents/Resources/NetBeans/java/maven-nblib/netbeans-eventspy.jar install"/>
    <property name="java.specification.vendor" value="Oracle Corporation"/>
    <property name="user.language" value="en"/>
    <property name="awt.toolkit" value="sun.lwawt.macosx.LWCToolkit"/>
    <property name="java.vm.info" value="mixed mode"/>
    <property name="java.version" value="1.8.0_91"/>
    <property name="java.ext.dirs" value="/Users/Esther/Library/Java/Extensions:/Library/Java/JavaVirtualMachines/jdk1.8.0_91.jdk/Contents/Home/jre/lib/ext:/Library/Java/Extensions:/Network/Library/Java/Extensions:/System/Library/Java/Extensions:/usr/lib/java"/>
    <property name="sun.boot.class.path" value="/Library/Java/JavaVirtualMachines/jdk1.8.0_91.jdk/Contents/Home/jre/lib/resources.jar:/Library/Java/JavaVirtualMachines/jdk1.8.0_91.jdk/Contents/Home/jre/lib/rt.jar:/Library/Java/JavaVirtualMachines/jdk1.8.0_91.jdk/Contents/Home/jre/lib/sunrsasign.jar:/Library/Java/JavaVirtualMachines/jdk1.8.0_91.jdk/Contents/Home/jre/lib/jsse.jar:/Library/Java/JavaVirtualMachines/jdk1.8.0_91.jdk/Contents/Home/jre/lib/jce.jar:/Library/Java/JavaVirtualMachines/jdk1.8.0_91.jdk/Contents/Home/jre/lib/charsets.jar:/Library/Java/JavaVirtualMachines/jdk1.8.0_91.jdk/Contents/Home/jre/lib/jfr.jar:/Library/Java/JavaVirtualMachines/jdk1.8.0_91.jdk/Contents/Home/jre/classes"/>
    <property name="java.vendor" value="Oracle Corporation"/>
    <property name="maven.home" value="/Applications/NetBeans/NetBeans 8.2.app/Contents/Resources/NetBeans/java/maven"/>
    <property name="file.separator" value="/"/>
    <property name="java.vendor.url.bug" value="http://bugreport.sun.com/bugreport/"/>
    <property name="sun.cpu.endian" value="little"/>
    <property name="sun.io.unicode.encoding" value="UnicodeBig"/>
    <property name="socksNonProxyHosts" value="local|*.local|169.254/16|*.169.254/16"/>
    <property name="ftp.nonProxyHosts" value="local|*.local|169.254/16|*.169.254/16"/>
    <property name="sun.cpu.isalist" value=""/>
  </properties>
  <testcase classname="com.andersen.backendjaxrsproject.EmployeeTest" name="testSetDateHired" time="0.001"/>
  <testcase classname="com.andersen.backendjaxrsproject.EmployeeTest" name="testGetState" time="0.001"/>
  <testcase classname="com.andersen.backendjaxrsproject.EmployeeTest" name="testSetFirstName" time="0"/>
  <testcase classname="com.andersen.backendjaxrsproject.EmployeeTest" name="testGetId" time="0"/>
  <testcase classname="com.andersen.backendjaxrsproject.EmployeeTest" name="testSetId" time="0"/>
  <testcase classname="com.andersen.backendjaxrsproject.EmployeeTest" name="testGetActiveFlag" time="0"/>
  <testcase classname="com.andersen.backendjaxrsproject.EmployeeTest" name="testSetPhoneNumber" time="0"/>
  <testcase classname="com.andersen.backendjaxrsproject.EmployeeTest" name="testGetCity" time="0.001"/>
  <testcase classname="com.andersen.backendjaxrsproject.EmployeeTest" name="testSetLastName" time="0"/>
  <testcase classname="com.andersen.backendjaxrsproject.EmployeeTest" name="testGetLastName" time="0"/>
  <testcase classname="com.andersen.backendjaxrsproject.EmployeeTest" name="testGetZipcode" time="0.001"/>
  <testcase classname="com.andersen.backendjaxrsproject.EmployeeTest" name="testSetAddress1" time="0"/>
  <testcase classname="com.andersen.backendjaxrsproject.EmployeeTest" name="testSetAddress2" time="0.001"/>
  <testcase classname="com.andersen.backendjaxrsproject.EmployeeTest" name="testSetActiveFlag" time="0.001"/>
  <testcase classname="com.andersen.backendjaxrsproject.EmployeeTest" name="testGetAddress1" time="0"/>
  <testcase classname="com.andersen.backendjaxrsproject.EmployeeTest" name="testGetAddress2" time="0.001"/>
  <testcase classname="com.andersen.backendjaxrsproject.EmployeeTest" name="testSetPositionCategory" time="0"/>
  <testcase classname="com.andersen.backendjaxrsproject.EmployeeTest" name="testGetEmailAddress" time="0"/>
  <testcase classname="com.andersen.backendjaxrsproject.EmployeeTest" name="testGetDateHired" time="0.001"/>
  <testcase classname="com.andersen.backendjaxrsproject.EmployeeTest" name="testGetMiddleName" time="0"/>
  <testcase classname="com.andersen.backendjaxrsproject.EmployeeTest" name="testGetFirstName" time="0"/>
  <testcase classname="com.andersen.backendjaxrsproject.EmployeeTest" name="testGetPhoneNumber" time="0.001"/>
  <testcase classname="com.andersen.backendjaxrsproject.EmployeeTest" name="testSetEmailAddress" time="0"/>
  <testcase classname="com.andersen.backendjaxrsproject.EmployeeTest" name="testSetMiddleName" time="0"/>
  <testcase classname="com.andersen.backendjaxrsproject.EmployeeTest" name="testSetCity" time="0"/>
  <testcase classname="com.andersen.backendjaxrsproject.EmployeeTest" name="testGetPositionCategory" time="0"/>
  <testcase classname="com.andersen.backendjaxrsproject.EmployeeTest" name="testSetZipcode" time="0"/>
  <testcase classname="com.andersen.backendjaxrsproject.EmployeeTest" name="testSetState" time="0"/>
</testsuite>